Arguments: 
  /home/juchan/.nvm/versions/node/v14.13.0/bin/node /home/juchan/.nvm/versions/node/v14.13.0/bin/yarn add bootstrap.natvive

PATH: 
  /home/linuxbrew/.linuxbrew/bin:/home/juchan/.nvm/versions/node/v14.13.0/bin:/usr/local/sbin:/usr/local/bin:/usr/sbin:/usr/bin:/sbin:/bin:/usr/games:/usr/local/games:/mnt/c/Python38/Scripts/:/mnt/c/Python38/:/mnt/c/Program Files (x86)/Common Files/Oracle/Java/javapath:/mnt/c/Windows/system32:/mnt/c/Windows:/mnt/c/Windows/System32/Wbem:/mnt/c/Windows/System32/WindowsPowerShell/v1.0/:/mnt/c/Program Files (x86)/NVIDIA Corporation/PhysX/Common:/mnt/c/Program Files/NVIDIA Corporation/NVIDIA NvDLISR:/mnt/c/WINDOWS/system32:/mnt/c/WINDOWS:/mnt/c/WINDOWS/System32/Wbem:/mnt/c/WINDOWS/System32/WindowsPowerShell/v1.0/:/mnt/c/WINDOWS/System32/OpenSSH/:/mnt/c/Program Files/nodejs/:/mnt/c/ProgramData/chocolatey/bin:/mnt/c/Program Files/Perforce/:/mnt/c/Users/jc917/AppData/Local/Microsoft/WindowsApps:/mnt/c/Program Files/Java/jdk1.8.0_221/bin:/mnt/c/Users/jc917/AppData/Local/Programs/Microsoft VS Code/bin:/mnt/c/Users/jc917/AppData/Roaming/npm

Yarn version: 
  1.22.10

Node version: 
  14.13.0

Platform: 
  linux x64

Trace: 
  Error: https://registry.yarnpkg.com/bootstrap.natvive: Not found
      at Request.params.callback [as _callback] (/home/juchan/.nvm/versions/node/v14.13.0/lib/node_modules/yarn/lib/cli.js:66988:18)
      at Request.self.callback (/home/juchan/.nvm/versions/node/v14.13.0/lib/node_modules/yarn/lib/cli.js:140662:22)
      at Request.emit (events.js:314:20)
      at Request.<anonymous> (/home/juchan/.nvm/versions/node/v14.13.0/lib/node_modules/yarn/lib/cli.js:141634:10)
      at Request.emit (events.js:314:20)
      at IncomingMessage.<anonymous> (/home/juchan/.nvm/versions/node/v14.13.0/lib/node_modules/yarn/lib/cli.js:141556:12)
      at Object.onceWrapper (events.js:420:28)
      at IncomingMessage.emit (events.js:326:22)
      at endReadableNT (_stream_readable.js:1252:12)
      at processTicksAndRejections (internal/process/task_queues.js:80:21)

npm manifest: 
  {
    "dependencies": {
      "bootstrap": "^4.5.3",
      "bootstrap-scss": "^4.5.3"
    }
  }

yarn manifest: 
  No manifest

Lockfile: 
  # THIS IS AN AUTOGENERATED FILE. DO NOT EDIT THIS FILE DIRECTLY.
  # yarn lockfile v1
  
  
  bootstrap-scss@^4.5.3:
    version "4.5.3"
    resolved "https://registry.yarnpkg.com/bootstrap-scss/-/bootstrap-scss-4.5.3.tgz#5a46cd7d3b3efff7ca9d541e70e766d2d1a5b29e"
    integrity sha512-sWnHNg9oFHGWPOIm5j8WkuSLZVWFbfL4OssNe1rsTADzRhKTNCM8mmeRMhhezz8bu+WjJ9xCuEeTZ2lkxolq6A==
  
  bootstrap@^4.5.3:
    version "4.5.3"
    resolved "https://registry.yarnpkg.com/bootstrap/-/bootstrap-4.5.3.tgz#c6a72b355aaf323920be800246a6e4ef30997fe6"
    integrity sha512-o9ppKQioXGqhw8Z7mah6KdTYpNQY//tipnkxppWhPbiSWdD+1raYsnhwEZjkTHYbGee4cVQ0Rx65EhOY/HNLcQ==
